Determining if the function pthread_create exists in the pthreads failed with the following output:
Change Dir: /home/pixhawk/pixhawk/mavconn/light-release/CMakeFiles/CMakeTmp

Run Build Command:/usr/bin/make "cmTryCompileExec/fast"
/usr/bin/make -f CMakeFiles/cmTryCompileExec.dir/build.make CMakeFiles/cmTryCompileExec.dir/build
make[1]: Entering directory `/home/pixhawk/pixhawk/mavconn/light-release/CMakeFiles/CMakeTmp'
/usr/bin/cmake -E cmake_progress_report /home/pixhawk/pixhawk/mavconn/light-release/CMakeFiles/CMakeTmp/CMakeFiles 1
Building C object CMakeFiles/cmTryCompileExec.dir/CheckFunctionExists.c.o
/usr/bin/gcc   -DCHECK_FUNCTION_EXISTS=pthread_create   -o CMakeFiles/cmTryCompileExec.dir/CheckFunctionExists.c.o   -c /usr/share/cmake-2.8/Modules/CheckFunctionExists.c
Linking C executable cmTryCompileExec
/usr/bin/cmake -E cmake_link_script CMakeFiles/cmTryCompileExec.dir/link.txt --verbose=1
/usr/bin/gcc     -DCHECK_FUNCTION_EXISTS=pthread_create   CMakeFiles/cmTryCompileExec.dir/CheckFunctionExists.c.o  -o cmTryCompileExec -rdynamic -lpthreads 
/usr/bin/ld: cannot find -lpthreads
collect2: ld returned 1 exit status
make[1]: Leaving directory `/home/pixhawk/pixhawk/mavconn/light-release/CMakeFiles/CMakeTmp'
make[1]: *** [cmTryCompileExec] Error 1
make: *** [cmTryCompileExec/fast] Error 2


Determining if the __SSE4_1__ exist failed with the following output:
Change Dir: /home/pixhawk/pixhawk/mavconn/light-release/CMakeFiles/CMakeTmp

Run Build Command:/usr/bin/make "cmTryCompileExec/fast"
/usr/bin/make -f CMakeFiles/cmTryCompileExec.dir/build.make CMakeFiles/cmTryCompileExec.dir/build
make[1]: Entering directory `/home/pixhawk/pixhawk/mavconn/light-release/CMakeFiles/CMakeTmp'
/usr/bin/cmake -E cmake_progress_report /home/pixhawk/pixhawk/mavconn/light-release/CMakeFiles/CMakeTmp/CMakeFiles 1
Building C object CMakeFiles/cmTryCompileExec.dir/CheckSymbolExists.c.o
/usr/bin/gcc    -o CMakeFiles/cmTryCompileExec.dir/CheckSymbolExists.c.o   -c /home/pixhawk/pixhawk/mavconn/light-release/CMakeFiles/CMakeTmp/CheckSymbolExists.c
In file included from /home/pixhawk/pixhawk/mavconn/light-release/CMakeFiles/CMakeTmp/CheckSymbolExists.c:2:
/usr/lib/gcc/x86_64-linux-gnu/4.4.5/include/smmintrin.h:32: error: #error "SSE4.1 instruction set not enabled"
/home/pixhawk/pixhawk/mavconn/light-release/CMakeFiles/CMakeTmp/CheckSymbolExists.c: In function ‘main’:
/home/pixhawk/pixhawk/mavconn/light-release/CMakeFiles/CMakeTmp/CheckSymbolExists.c:8: error: ‘__SSE4_1__’ undeclared (first use in this function)
/home/pixhawk/pixhawk/mavconn/light-release/CMakeFiles/CMakeTmp/CheckSymbolExists.c:8: error: (Each undeclared identifier is reported only once
/home/pixhawk/pixhawk/mavconn/light-release/CMakeFiles/CMakeTmp/CheckSymbolExists.c:8: error: for each function it appears in.)
make[1]: *** [CMakeFiles/cmTryCompileExec.dir/CheckSymbolExists.c.o] Error 1
make[1]: Leaving directory `/home/pixhawk/pixhawk/mavconn/light-release/CMakeFiles/CMakeTmp'
make: *** [cmTryCompileExec/fast] Error 2

File /home/pixhawk/pixhawk/mavconn/light-release/CMakeFiles/CMakeTmp/CheckSymbolExists.c:
/* */
#include <smmintrin.h>

void cmakeRequireSymbol(int dummy,...){(void)dummy;}
int main()
{
#ifndef __SSE4_1__
  cmakeRequireSymbol(0,&__SSE4_1__);
#endif
  return 0;
}

